[0.512s] Invoking command in '/home/robot/ros2_ws/MecaControllerPythonWithJoystick-main/src/mecacontrollerpython_pkg': PYTHONPATH=/home/robot/ros2_ws/MecaControllerPythonWithJoystick-main/build/mecacontrollerpython_pkg/prefix_override:/usr/lib/python3/dist-packages/colcon_core/task/python/colcon_distutils_commands:/home/robot/ros2_ws/MecaControllerPythonWithJoystick-main/install/mecacontrollerpython_pkg/lib/python3.10/site-packages:${PYTHONPATH} /usr/bin/python3 -W ignore:setup.py install is deprecated -W ignore:easy_install command is deprecated setup.py egg_info --egg-base ../../build/mecacontrollerpython_pkg build --build-base /home/robot/ros2_ws/MecaControllerPythonWithJoystick-main/build/mecacontrollerpython_pkg/build install --record /home/robot/ros2_ws/MecaControllerPythonWithJoystick-main/build/mecacontrollerpython_pkg/install.log --single-version-externally-managed install_data
[0.701s] running egg_info
[0.702s] writing ../../build/mecacontrollerpython_pkg/mecacontrollerpython_pkg.egg-info/PKG-INFO
[0.702s] writing dependency_links to ../../build/mecacontrollerpython_pkg/mecacontrollerpython_pkg.egg-info/dependency_links.txt
[0.702s] writing entry points to ../../build/mecacontrollerpython_pkg/mecacontrollerpython_pkg.egg-info/entry_points.txt
[0.702s] writing requirements to ../../build/mecacontrollerpython_pkg/mecacontrollerpython_pkg.egg-info/requires.txt
[0.702s] writing top-level names to ../../build/mecacontrollerpython_pkg/mecacontrollerpython_pkg.egg-info/top_level.txt
[0.725s] reading manifest file '../../build/mecacontrollerpython_pkg/mecacontrollerpython_pkg.egg-info/SOURCES.txt'
[0.726s] writing manifest file '../../build/mecacontrollerpython_pkg/mecacontrollerpython_pkg.egg-info/SOURCES.txt'
[0.726s] running build
[0.726s] running build_py
[0.726s] copying mecacontrollerpython_pkg/freq_publisher.py -> /home/robot/ros2_ws/MecaControllerPythonWithJoystick-main/build/mecacontrollerpython_pkg/build/lib/mecacontrollerpython_pkg
[0.726s] running install
[0.726s] running install_lib
[0.727s] copying /home/robot/ros2_ws/MecaControllerPythonWithJoystick-main/build/mecacontrollerpython_pkg/build/lib/mecacontrollerpython_pkg/freq_publisher.py -> /home/robot/ros2_ws/MecaControllerPythonWithJoystick-main/install/mecacontrollerpython_pkg/lib/python3.10/site-packages/mecacontrollerpython_pkg
[0.727s] byte-compiling /home/robot/ros2_ws/MecaControllerPythonWithJoystick-main/install/mecacontrollerpython_pkg/lib/python3.10/site-packages/mecacontrollerpython_pkg/freq_publisher.py to freq_publisher.cpython-310.pyc
[0.728s] running install_data
[0.728s]   File "/home/robot/ros2_ws/MecaControllerPythonWithJoystick-main/install/mecacontrollerpython_pkg/lib/python3.10/site-packages/mecacontrollerpython_pkg/freq_publisher.py", line 34
[0.728s]     direction = 0 if omega >= 0 else 
[0.728s]                                      ^
[0.728s] SyntaxError: invalid syntax
[0.728s] 
[0.728s] running install_egg_info
[0.729s] removing '/home/robot/ros2_ws/MecaControllerPythonWithJoystick-main/install/mecacontrollerpython_pkg/lib/python3.10/site-packages/mecacontrollerpython_pkg-0.0.0-py3.10.egg-info' (and everything under it)
[0.730s] Copying ../../build/mecacontrollerpython_pkg/mecacontrollerpython_pkg.egg-info to /home/robot/ros2_ws/MecaControllerPythonWithJoystick-main/install/mecacontrollerpython_pkg/lib/python3.10/site-packages/mecacontrollerpython_pkg-0.0.0-py3.10.egg-info
[0.731s] running install_scripts
[0.744s] Installing freq_publisher script to /home/robot/ros2_ws/MecaControllerPythonWithJoystick-main/install/mecacontrollerpython_pkg/lib/mecacontrollerpython_pkg
[0.744s] writing list of installed files to '/home/robot/ros2_ws/MecaControllerPythonWithJoystick-main/build/mecacontrollerpython_pkg/install.log'
[0.760s] Invoked command in '/home/robot/ros2_ws/MecaControllerPythonWithJoystick-main/src/mecacontrollerpython_pkg' returned '0': PYTHONPATH=/home/robot/ros2_ws/MecaControllerPythonWithJoystick-main/build/mecacontrollerpython_pkg/prefix_override:/usr/lib/python3/dist-packages/colcon_core/task/python/colcon_distutils_commands:/home/robot/ros2_ws/MecaControllerPythonWithJoystick-main/install/mecacontrollerpython_pkg/lib/python3.10/site-packages:${PYTHONPATH} /usr/bin/python3 -W ignore:setup.py install is deprecated -W ignore:easy_install command is deprecated setup.py egg_info --egg-base ../../build/mecacontrollerpython_pkg build --build-base /home/robot/ros2_ws/MecaControllerPythonWithJoystick-main/build/mecacontrollerpython_pkg/build install --record /home/robot/ros2_ws/MecaControllerPythonWithJoystick-main/build/mecacontrollerpython_pkg/install.log --single-version-externally-managed install_data
