running egg_info
writing ../../build/mecanum_joystick/mecanum_joystick.egg-info/PKG-INFO
writing dependency_links to ../../build/mecanum_joystick/mecanum_joystick.egg-info/dependency_links.txt
writing entry points to ../../build/mecanum_joystick/mecanum_joystick.egg-info/entry_points.txt
writing requirements to ../../build/mecanum_joystick/mecanum_joystick.egg-info/requires.txt
writing top-level names to ../../build/mecanum_joystick/mecanum_joystick.egg-info/top_level.txt
reading manifest file '../../build/mecanum_joystick/mecanum_joystick.egg-info/SOURCES.txt'
writing manifest file '../../build/mecanum_joystick/mecanum_joystick.egg-info/SOURCES.txt'
running build
running build_py
copying mecanum_joystick/freq_publisher.py -> /home/thnhan/ros2_ws/build/mecanum_joystick/build/lib/mecanum_joystick
running install
running install_lib
copying /home/thnhan/ros2_ws/build/mecanum_joystick/build/lib/mecanum_joystick/freq_publisher.py -> /home/thnhan/ros2_ws/install/mecanum_joystick/lib/python3.10/site-packages/mecanum_joystick
byte-compiling /home/thnhan/ros2_ws/install/mecanum_joystick/lib/python3.10/site-packages/mecanum_joystick/freq_publisher.py to freq_publisher.cpython-310.pyc
running install_data
running install_egg_info
removing '/home/thnhan/ros2_ws/install/mecanum_joystick/lib/python3.10/site-packages/mecanum_joystick-0.0.0-py3.10.egg-info' (and everything under it)
Copying ../../build/mecanum_joystick/mecanum_joystick.egg-info to /home/thnhan/ros2_ws/install/mecanum_joystick/lib/python3.10/site-packages/mecanum_joystick-0.0.0-py3.10.egg-info
running install_scripts
Installing freq_publisher script to /home/thnhan/ros2_ws/install/mecanum_joystick/lib/mecanum_joystick
writing list of installed files to '/home/thnhan/ros2_ws/build/mecanum_joystick/install.log'
