[0.483s] Invoking command in '/home/robot/ros2_ws/MecaControllerPythonWithJoystick-main/src/mecacontrollerpython_pkg': PYTHONPATH=/home/robot/ros2_ws/MecaControllerPythonWithJoystick-main/build/mecacontrollerpython_pkg/prefix_override:/usr/lib/python3/dist-packages/colcon_core/task/python/colcon_distutils_commands:/home/robot/ros2_ws/MecaControllerPythonWithJoystick-main/install/mecacontrollerpython_pkg/lib/python3.10/site-packages:${PYTHONPATH} /usr/bin/python3 -W ignore:setup.py install is deprecated -W ignore:easy_install command is deprecated setup.py egg_info --egg-base ../../build/mecacontrollerpython_pkg build --build-base /home/robot/ros2_ws/MecaControllerPythonWithJoystick-main/build/mecacontrollerpython_pkg/build install --record /home/robot/ros2_ws/MecaControllerPythonWithJoystick-main/build/mecacontrollerpython_pkg/install.log --single-version-externally-managed install_data
[0.659s] running egg_info
[0.659s] writing ../../build/mecacontrollerpython_pkg/mecacontrollerpython_pkg.egg-info/PKG-INFO
[0.660s] writing dependency_links to ../../build/mecacontrollerpython_pkg/mecacontrollerpython_pkg.egg-info/dependency_links.txt
[0.660s] writing entry points to ../../build/mecacontrollerpython_pkg/mecacontrollerpython_pkg.egg-info/entry_points.txt
[0.660s] writing requirements to ../../build/mecacontrollerpython_pkg/mecacontrollerpython_pkg.egg-info/requires.txt
[0.660s] writing top-level names to ../../build/mecacontrollerpython_pkg/mecacontrollerpython_pkg.egg-info/top_level.txt
[0.682s] reading manifest file '../../build/mecacontrollerpython_pkg/mecacontrollerpython_pkg.egg-info/SOURCES.txt'
[0.683s] writing manifest file '../../build/mecacontrollerpython_pkg/mecacontrollerpython_pkg.egg-info/SOURCES.txt'
[0.683s] running build
[0.683s] running build_py
[0.683s] running install
[0.683s] running install_lib
[0.684s] running install_data
[0.684s] running install_egg_info
[0.685s] removing '/home/robot/ros2_ws/MecaControllerPythonWithJoystick-main/install/mecacontrollerpython_pkg/lib/python3.10/site-packages/mecacontrollerpython_pkg-0.0.0-py3.10.egg-info' (and everything under it)
[0.686s] Copying ../../build/mecacontrollerpython_pkg/mecacontrollerpython_pkg.egg-info to /home/robot/ros2_ws/MecaControllerPythonWithJoystick-main/install/mecacontrollerpython_pkg/lib/python3.10/site-packages/mecacontrollerpython_pkg-0.0.0-py3.10.egg-info
[0.686s] running install_scripts
[0.698s] Installing freq_publisher script to /home/robot/ros2_ws/MecaControllerPythonWithJoystick-main/install/mecacontrollerpython_pkg/lib/mecacontrollerpython_pkg
[0.698s] writing list of installed files to '/home/robot/ros2_ws/MecaControllerPythonWithJoystick-main/build/mecacontrollerpython_pkg/install.log'
[0.716s] Invoked command in '/home/robot/ros2_ws/MecaControllerPythonWithJoystick-main/src/mecacontrollerpython_pkg' returned '0': PYTHONPATH=/home/robot/ros2_ws/MecaControllerPythonWithJoystick-main/build/mecacontrollerpython_pkg/prefix_override:/usr/lib/python3/dist-packages/colcon_core/task/python/colcon_distutils_commands:/home/robot/ros2_ws/MecaControllerPythonWithJoystick-main/install/mecacontrollerpython_pkg/lib/python3.10/site-packages:${PYTHONPATH} /usr/bin/python3 -W ignore:setup.py install is deprecated -W ignore:easy_install command is deprecated setup.py egg_info --egg-base ../../build/mecacontrollerpython_pkg build --build-base /home/robot/ros2_ws/MecaControllerPythonWithJoystick-main/build/mecacontrollerpython_pkg/build install --record /home/robot/ros2_ws/MecaControllerPythonWithJoystick-main/build/mecacontrollerpython_pkg/install.log --single-version-externally-managed install_data
